C:\Program Files\Microsoft Visual Studio\2022\Community\MSBuild\Microsoft\VC\v170\Microsoft.CppBuild.targets(534,5): warning MSB8028: 중간 디렉터리(x64\Debug\)에 다른 프로젝트(Hash.vcxproj)에서 공유하는 파일이 포함되어 있습니다.  이로 인해 잘못된 정리 및 다시 빌드 동작이 수행될 수 있습니다.
  UnorderedMap.cpp
C:\Users\MH\Desktop\UnrealLearn\KGA_CTStudy\kimmh\Hash\Hash\Hash\UnorderedMap.cpp(24,20): error C2039: 'first': 'std::_List_iterator<std::_List_val<std::_List_simple_types<_Ty>>>'의 멤버가 아닙니다.
C:\Users\MH\Desktop\UnrealLearn\KGA_CTStudy\kimmh\Hash\Hash\Hash\UnorderedMap.cpp(24,20): error C2039:         with
C:\Users\MH\Desktop\UnrealLearn\KGA_CTStudy\kimmh\Hash\Hash\Hash\UnorderedMap.cpp(24,20): error C2039:         [
C:\Users\MH\Desktop\UnrealLearn\KGA_CTStudy\kimmh\Hash\Hash\Hash\UnorderedMap.cpp(24,20): error C2039:             _Ty=std::pair<const int,int>
C:\Users\MH\Desktop\UnrealLearn\KGA_CTStudy\kimmh\Hash\Hash\Hash\UnorderedMap.cpp(24,20): error C2039:         ]
      C:\Program Files\Microsoft Visual Studio\2022\Community\VC\Tools\MSVC\14.38.33130\include\list(790,39):
      'std::_List_iterator<std::_List_val<std::_List_simple_types<_Ty>>>' 선언을 참조하십시오.
          with
          [
              _Ty=std::pair<const int,int>
          ]
      C:\Users\MH\Desktop\UnrealLearn\KGA_CTStudy\kimmh\Hash\Hash\Hash\UnorderedMap.cpp(24,20):
      템플릿 인스턴스화 컨텍스트(가장 오래된 인스턴스화 컨텍스트)가
          C:\Users\MH\Desktop\UnrealLearn\KGA_CTStudy\kimmh\Hash\Hash\Hash\UnorderedMap.cpp(73,2):
          컴파일되는 함수 템플릿 인스턴스화 'void print_umap2<int,int>(std::unordered_map<int,int,std::hash<int>,std::equal_to<int>,std::allocator<std::pair<const int,int>>>)'에 대한 참조를 확인하세요.
  
C:\Users\MH\Desktop\UnrealLearn\KGA_CTStudy\kimmh\Hash\Hash\Hash\UnorderedMap.cpp(24,42): error C2039: 'second': 'std::_List_iterator<std::_List_val<std::_List_simple_types<_Ty>>>'의 멤버가 아닙니다.
C:\Users\MH\Desktop\UnrealLearn\KGA_CTStudy\kimmh\Hash\Hash\Hash\UnorderedMap.cpp(24,42): error C2039:         with
C:\Users\MH\Desktop\UnrealLearn\KGA_CTStudy\kimmh\Hash\Hash\Hash\UnorderedMap.cpp(24,42): error C2039:         [
C:\Users\MH\Desktop\UnrealLearn\KGA_CTStudy\kimmh\Hash\Hash\Hash\UnorderedMap.cpp(24,42): error C2039:             _Ty=std::pair<const int,int>
C:\Users\MH\Desktop\UnrealLearn\KGA_CTStudy\kimmh\Hash\Hash\Hash\UnorderedMap.cpp(24,42): error C2039:         ]
      C:\Program Files\Microsoft Visual Studio\2022\Community\VC\Tools\MSVC\14.38.33130\include\list(790,39):
      'std::_List_iterator<std::_List_val<std::_List_simple_types<_Ty>>>' 선언을 참조하십시오.
          with
          [
              _Ty=std::pair<const int,int>
          ]
  
